Build started 10/1/2012 19:46:02.
     1>Project "C:\Users\kveilleux\Documents\Full Sail\SGP - Structure of Game Production\SGPRepo\LOCC\LOCC.vcxproj" on node 2 (build target(s)).
     1>InitializeBuildStatus:
         Touching "Debug\LOCC.unsuccessfulbuild".
       ClCompile:
         All outputs are up-to-date.
         c:\Program Files (x86)\Microsoft Visual Studio 10.0\VC\bin\CL.exe /c /ZI /nologo /W3 /WX- /Od /Oy- /D WIN32 /D _DEBUG /D _WINDOWS /D _UNICODE /D UNICODE /Gm /EHsc /RTC1 /MDd /GS /fp:precise /Zc:wchar_t /Zc:forScope /Yu"StdAfx.h" /Fp"Debug\LOCC.pch" /Fo"Debug\\" /Fd"Debug\vc100.pdb" /Gd /TP /analyze- /errorReport:prompt InputManager.cpp
         InputManager.cpp
       ManifestResourceCompile:
         All outputs are up-to-date.
       Link:
         c:\Program Files (x86)\Microsoft Visual Studio 10.0\VC\bin\link.exe /ERRORREPORT:PROMPT /OUT:"C:\Users\kveilleux\Documents\Full Sail\SGP - Structure of Game Production\SGPRepo\LOCC\Debug\LOCC.exe" /INCREMENTAL /NOLOGO kernel32.lib user32.lib gdi32.lib winspool.lib comdlg32.lib advapi32.lib shell32.lib ole32.lib oleaut32.lib uuid.lib odbc32.lib odbccp32.lib /MANIFEST /ManifestFile:"Debug\LOCC.exe.intermediate.manifest" /MANIFESTUAC:"level='asInvoker' uiAccess='false'" /DEBUG /PDB:"C:\Users\kveilleux\Documents\Full Sail\SGP - Structure of Game Production\SGPRepo\LOCC\Debug\LOCC.pdb" /SUBSYSTEM:WINDOWS /TLBID:1 /DYNAMICBASE /NXCOMPAT /IMPLIB:"C:\Users\kveilleux\Documents\Full Sail\SGP - Structure of Game Production\SGPRepo\LOCC\Debug\LOCC.lib" /MACHINE:X86 Debug\LOCC.exe.embed.manifest.res
         Debug\AIManager.obj
         Debug\Game.obj
         Debug\GameObject.obj
         Debug\GameplayState.obj
         Debug\InputManager.obj
         Debug\stdafx.obj
         Debug\Unit.obj
         Debug\winmain.obj
       Manifest:
         C:\Program Files (x86)\Microsoft SDKs\Windows\v7.0A\bin\mt.exe /nologo /verbose /out:"Debug\LOCC.exe.embed.manifest" /manifest Debug\LOCC.exe.intermediate.manifest
         All outputs are up-to-date.
       LinkEmbedManifest:
         All outputs are up-to-date.
         LOCC.vcxproj -> C:\Users\kveilleux\Documents\Full Sail\SGP - Structure of Game Production\SGPRepo\LOCC\Debug\LOCC.exe
       FinalizeBuildStatus:
         Deleting file "Debug\LOCC.unsuccessfulbuild".
         Touching "Debug\LOCC.lastbuildstate".
     1>Done Building Project "C:\Users\kveilleux\Documents\Full Sail\SGP - Structure of Game Production\SGPRepo\LOCC\LOCC.vcxproj" (build target(s)).

Build succeeded.

Time Elapsed 00:00:01.67
